TimeQuest Timing Analyzer report for demFF1
Fri Nov 03 10:15:05 2023
Quartus II 64-Bit Version 13.0.1 Build 232 06/12/2013 Service Pack 1 SJ Web Edition


---------------------
; Table of Contents ;
---------------------
  1. Legal Notice
  2. TimeQuest Timing Analyzer Summary
  3. Parallel Compilation
  4. Clocks
  5. Slow Model Fmax Summary
  6. Slow Model Setup Summary
  7. Slow Model Hold Summary
  8. Slow Model Recovery Summary
  9. Slow Model Removal Summary
 10. Slow Model Minimum Pulse Width Summary
 11. Slow Model Setup: 'inst1'
 12. Slow Model Setup: 'inst'
 13. Slow Model Setup: 'CLK'
 14. Slow Model Hold: 'CLK'
 15. Slow Model Hold: 'inst'
 16. Slow Model Hold: 'inst1'
 17. Slow Model Recovery: 'inst1'
 18. Slow Model Recovery: 'inst'
 19. Slow Model Recovery: 'CLK'
 20. Slow Model Removal: 'CLK'
 21. Slow Model Removal: 'inst'
 22. Slow Model Removal: 'inst1'
 23. Slow Model Minimum Pulse Width: 'CLK'
 24. Slow Model Minimum Pulse Width: 'inst'
 25. Slow Model Minimum Pulse Width: 'inst1'
 26. Setup Times
 27. Hold Times
 28. Clock to Output Times
 29. Minimum Clock to Output Times
 30. Fast Model Setup Summary
 31. Fast Model Hold Summary
 32. Fast Model Recovery Summary
 33. Fast Model Removal Summary
 34. Fast Model Minimum Pulse Width Summary
 35. Fast Model Setup: 'inst1'
 36. Fast Model Setup: 'inst'
 37. Fast Model Setup: 'CLK'
 38. Fast Model Hold: 'CLK'
 39. Fast Model Hold: 'inst'
 40. Fast Model Hold: 'inst1'
 41. Fast Model Recovery: 'inst1'
 42. Fast Model Recovery: 'inst'
 43. Fast Model Recovery: 'CLK'
 44. Fast Model Removal: 'CLK'
 45. Fast Model Removal: 'inst'
 46. Fast Model Removal: 'inst1'
 47. Fast Model Minimum Pulse Width: 'CLK'
 48. Fast Model Minimum Pulse Width: 'inst'
 49. Fast Model Minimum Pulse Width: 'inst1'
 50. Setup Times
 51. Hold Times
 52. Clock to Output Times
 53. Minimum Clock to Output Times
 54. Multicorner Timing Analysis Summary
 55. Setup Times
 56. Hold Times
 57. Clock to Output Times
 58. Minimum Clock to Output Times
 59. Setup Transfers
 60. Hold Transfers
 61. Recovery Transfers
 62. Removal Transfers
 63. Report TCCS
 64. Report RSKM
 65. Unconstrained Paths
 66. TimeQuest Timing Analyzer Messages



----------------
; Legal Notice ;
----------------
Copyright (C) 1991-2013 Altera Corporation
Your use of Altera Corporation's design tools, logic functions 
and other software and tools, and its AMPP partner logic 
functions, and any output files from any of the foregoing 
(including device programming or simulation files), and any 
associated documentation or information are expressly subject 
to the terms and conditions of the Altera Program License 
Subscription Agreement, Altera MegaCore Function License 
Agreement, or other applicable license agreement, including, 
without limitation, that your use is for the sole purpose of 
programming logic devices manufactured by Altera and sold by 
Altera or its authorized distributors.  Please refer to the 
applicable agreement for further details.



+----------------------------------------------------------------------------------------+
; TimeQuest Timing Analyzer Summary                                                      ;
+--------------------+-------------------------------------------------------------------+
; Quartus II Version ; Version 13.0.1 Build 232 06/12/2013 Service Pack 1 SJ Web Edition ;
; Revision Name      ; demFF1                                                            ;
; Device Family      ; Cyclone II                                                        ;
; Device Name        ; EP2C20F484C7                                                      ;
; Timing Models      ; Final                                                             ;
; Delay Model        ; Combined                                                          ;
; Rise/Fall Delays   ; Unavailable                                                       ;
+--------------------+-------------------------------------------------------------------+


Parallel compilation was disabled, but you have multiple processors available. Enable parallel compilation to reduce compilation time.
+-------------------------------------+
; Parallel Compilation                ;
+----------------------------+--------+
; Processors                 ; Number ;
+----------------------------+--------+
; Number detected on machine ; 12     ;
; Maximum allowed            ; 1      ;
+----------------------------+--------+


+-----------------------------------------------------------------------------------------------------------------------------------------------------------------------------------+
; Clocks                                                                                                                                                                            ;
+------------+------+--------+------------+-------+-------+------------+-----------+-------------+-------+--------+-----------+------------+----------+--------+--------+-----------+
; Clock Name ; Type ; Period ; Frequency  ; Rise  ; Fall  ; Duty Cycle ; Divide by ; Multiply by ; Phase ; Offset ; Edge List ; Edge Shift ; Inverted ; Master ; Source ; Targets   ;
+------------+------+--------+------------+-------+-------+------------+-----------+-------------+-------+--------+-----------+------------+----------+--------+--------+-----------+
; CLK        ; Base ; 1.000  ; 1000.0 MHz ; 0.000 ; 0.500 ;            ;           ;             ;       ;        ;           ;            ;          ;        ;        ; { CLK }   ;
; inst       ; Base ; 1.000  ; 1000.0 MHz ; 0.000 ; 0.500 ;            ;           ;             ;       ;        ;           ;            ;          ;        ;        ; { inst }  ;
; inst1      ; Base ; 1.000  ; 1000.0 MHz ; 0.000 ; 0.500 ;            ;           ;             ;       ;        ;           ;            ;          ;        ;        ; { inst1 } ;
+------------+------+--------+------------+-------+-------+------------+-----------+-------------+-------+--------+-----------+------------+----------+--------+--------+-----------+


+--------------------------------------------------------------------------------------------------+
; Slow Model Fmax Summary                                                                          ;
+------------+-----------------+------------+------------------------------------------------------+
; Fmax       ; Restricted Fmax ; Clock Name ; Note                                                 ;
+------------+-----------------+------------+------------------------------------------------------+
; 1443.0 MHz ; 450.05 MHz      ; inst1      ; limit due to low minimum pulse width violation (tcl) ;
+------------+-----------------+------------+------------------------------------------------------+
This panel reports FMAX for every clock in the design, regardless of the user-specified clock periods.  FMAX is only computed for paths where the source and destination registers or ports are driven by the same clock.  Paths of different clocks, including generated clocks, are ignored.  For paths between a clock and its inversion, FMAX is computed as if the rising and falling edges are scaled along with FMAX, such that the duty cycle (in terms of a percentage) is maintained. Altera recommends that you always use clock constraints and other slack reports for sign-off analysis.


+-------------------------------+
; Slow Model Setup Summary      ;
+-------+-------+---------------+
; Clock ; Slack ; End Point TNS ;
+-------+-------+---------------+
; inst1 ; 0.307 ; 0.000         ;
; inst  ; 1.493 ; 0.000         ;
; CLK   ; 2.694 ; 0.000         ;
+-------+-------+---------------+


+--------------------------------+
; Slow Model Hold Summary        ;
+-------+--------+---------------+
; Clock ; Slack  ; End Point TNS ;
+-------+--------+---------------+
; CLK   ; -2.442 ; -2.442        ;
; inst  ; -1.241 ; -1.241        ;
; inst1 ; 0.445  ; 0.000         ;
+-------+--------+---------------+


+--------------------------------+
; Slow Model Recovery Summary    ;
+-------+--------+---------------+
; Clock ; Slack  ; End Point TNS ;
+-------+--------+---------------+
; inst1 ; -1.049 ; -1.049        ;
; inst  ; -0.915 ; -0.915        ;
; CLK   ; 0.292  ; 0.000         ;
+-------+--------+---------------+


+--------------------------------+
; Slow Model Removal Summary     ;
+-------+--------+---------------+
; Clock ; Slack  ; End Point TNS ;
+-------+--------+---------------+
; CLK   ; -0.891 ; -0.891        ;
; inst  ; 0.316  ; 0.000         ;
; inst1 ; 0.450  ; 0.000         ;
+-------+--------+---------------+


+----------------------------------------+
; Slow Model Minimum Pulse Width Summary ;
+-------+--------+-----------------------+
; Clock ; Slack  ; End Point TNS         ;
+-------+--------+-----------------------+
; CLK   ; -1.469 ; -2.691                ;
; inst  ; -0.611 ; -1.222                ;
; inst1 ; -0.611 ; -1.222                ;
+-------+--------+-----------------------+


+---------------------------------------------------------------------------------------------------+
; Slow Model Setup: 'inst1'                                                                         ;
+-------+-----------+---------+--------------+-------------+--------------+------------+------------+
; Slack ; From Node ; To Node ; Launch Clock ; Latch Clock ; Relationship ; Clock Skew ; Data Delay ;
+-------+-----------+---------+--------------+-------------+--------------+------------+------------+
; 0.307 ; inst2     ; inst2   ; inst1        ; inst1       ; 1.000        ; 0.000      ; 0.731      ;
+-------+-----------+---------+--------------+-------------+--------------+------------+------------+


+---------------------------------------------------------------------------------------------------+
; Slow Model Setup: 'inst'                                                                          ;
+-------+-----------+---------+--------------+-------------+--------------+------------+------------+
; Slack ; From Node ; To Node ; Launch Clock ; Latch Clock ; Relationship ; Clock Skew ; Data Delay ;
+-------+-----------+---------+--------------+-------------+--------------+------------+------------+
; 1.493 ; inst1     ; inst1   ; inst1        ; inst        ; 0.500        ; 1.409      ; 0.731      ;
; 1.993 ; inst1     ; inst1   ; inst1        ; inst        ; 1.000        ; 1.409      ; 0.731      ;
+-------+-----------+---------+--------------+-------------+--------------+------------+------------+


+---------------------------------------------------------------------------------------------------+
; Slow Model Setup: 'CLK'                                                                           ;
+-------+-----------+---------+--------------+-------------+--------------+------------+------------+
; Slack ; From Node ; To Node ; Launch Clock ; Latch Clock ; Relationship ; Clock Skew ; Data Delay ;
+-------+-----------+---------+--------------+-------------+--------------+------------+------------+
; 2.694 ; inst      ; inst    ; inst         ; CLK         ; 0.500        ; 2.610      ; 0.731      ;
; 3.194 ; inst      ; inst    ; inst         ; CLK         ; 1.000        ; 2.610      ; 0.731      ;
+-------+-----------+---------+--------------+-------------+--------------+------------+------------+


+----------------------------------------------------------------------------------------------------+
; Slow Model Hold: 'CLK'                                                                             ;
+--------+-----------+---------+--------------+-------------+--------------+------------+------------+
; Slack  ; From Node ; To Node ; Launch Clock ; Latch Clock ; Relationship ; Clock Skew ; Data Delay ;
+--------+-----------+---------+--------------+-------------+--------------+------------+------------+
; -2.442 ; inst      ; inst    ; inst         ; CLK         ; 0.000        ; 2.610      ; 0.731      ;
; -1.942 ; inst      ; inst    ; inst         ; CLK         ; -0.500       ; 2.610      ; 0.731      ;
+--------+-----------+---------+--------------+-------------+--------------+------------+------------+


+----------------------------------------------------------------------------------------------------+
; Slow Model Hold: 'inst'                                                                            ;
+--------+-----------+---------+--------------+-------------+--------------+------------+------------+
; Slack  ; From Node ; To Node ; Launch Clock ; Latch Clock ; Relationship ; Clock Skew ; Data Delay ;
+--------+-----------+---------+--------------+-------------+--------------+------------+------------+
; -1.241 ; inst1     ; inst1   ; inst1        ; inst        ; 0.000        ; 1.409      ; 0.731      ;
; -0.741 ; inst1     ; inst1   ; inst1        ; inst        ; -0.500       ; 1.409      ; 0.731      ;
+--------+-----------+---------+--------------+-------------+--------------+------------+------------+


+---------------------------------------------------------------------------------------------------+
; Slow Model Hold: 'inst1'                                                                          ;
+-------+-----------+---------+--------------+-------------+--------------+------------+------------+
; Slack ; From Node ; To Node ; Launch Clock ; Latch Clock ; Relationship ; Clock Skew ; Data Delay ;
+-------+-----------+---------+--------------+-------------+--------------+------------+------------+
; 0.445 ; inst2     ; inst2   ; inst1        ; inst1       ; 0.000        ; 0.000      ; 0.731      ;
+-------+-----------+---------+--------------+-------------+--------------+------------+------------+


+----------------------------------------------------------------------------------------------------+
; Slow Model Recovery: 'inst1'                                                                       ;
+--------+-----------+---------+--------------+-------------+--------------+------------+------------+
; Slack  ; From Node ; To Node ; Launch Clock ; Latch Clock ; Relationship ; Clock Skew ; Data Delay ;
+--------+-----------+---------+--------------+-------------+--------------+------------+------------+
; -1.049 ; inst2     ; inst2   ; inst1        ; inst1       ; 1.000        ; 0.000      ; 2.087      ;
; -0.198 ; inst      ; inst2   ; inst         ; inst1       ; 0.500        ; 1.100      ; 2.113      ;
; 0.302  ; inst      ; inst2   ; inst         ; inst1       ; 1.000        ; 1.100      ; 2.113      ;
+--------+-----------+---------+--------------+-------------+--------------+------------+------------+


+----------------------------------------------------------------------------------------------------+
; Slow Model Recovery: 'inst'                                                                        ;
+--------+-----------+---------+--------------+-------------+--------------+------------+------------+
; Slack  ; From Node ; To Node ; Launch Clock ; Latch Clock ; Relationship ; Clock Skew ; Data Delay ;
+--------+-----------+---------+--------------+-------------+--------------+------------+------------+
; -0.915 ; inst2     ; inst1   ; inst1        ; inst        ; 1.000        ; 0.309      ; 2.262      ;
; -0.064 ; inst      ; inst1   ; inst         ; inst        ; 0.500        ; 1.409      ; 2.288      ;
; 0.436  ; inst      ; inst1   ; inst         ; inst        ; 1.000        ; 1.409      ; 2.288      ;
+--------+-----------+---------+--------------+-------------+--------------+------------+------------+


+---------------------------------------------------------------------------------------------------+
; Slow Model Recovery: 'CLK'                                                                        ;
+-------+-----------+---------+--------------+-------------+--------------+------------+------------+
; Slack ; From Node ; To Node ; Launch Clock ; Latch Clock ; Relationship ; Clock Skew ; Data Delay ;
+-------+-----------+---------+--------------+-------------+--------------+------------+------------+
; 0.292 ; inst2     ; inst    ; inst1        ; CLK         ; 1.000        ; 1.510      ; 2.256      ;
; 1.143 ; inst      ; inst    ; inst         ; CLK         ; 0.500        ; 2.610      ; 2.282      ;
; 1.643 ; inst      ; inst    ; inst         ; CLK         ; 1.000        ; 2.610      ; 2.282      ;
+-------+-----------+---------+--------------+-------------+--------------+------------+------------+


+----------------------------------------------------------------------------------------------------+
; Slow Model Removal: 'CLK'                                                                          ;
+--------+-----------+---------+--------------+-------------+--------------+------------+------------+
; Slack  ; From Node ; To Node ; Launch Clock ; Latch Clock ; Relationship ; Clock Skew ; Data Delay ;
+--------+-----------+---------+--------------+-------------+--------------+------------+------------+
; -0.891 ; inst      ; inst    ; inst         ; CLK         ; 0.000        ; 2.610      ; 2.282      ;
; -0.391 ; inst      ; inst    ; inst         ; CLK         ; -0.500       ; 2.610      ; 2.282      ;
; 0.460  ; inst2     ; inst    ; inst1        ; CLK         ; 0.000        ; 1.510      ; 2.256      ;
+--------+-----------+---------+--------------+-------------+--------------+------------+------------+


+---------------------------------------------------------------------------------------------------+
; Slow Model Removal: 'inst'                                                                        ;
+-------+-----------+---------+--------------+-------------+--------------+------------+------------+
; Slack ; From Node ; To Node ; Launch Clock ; Latch Clock ; Relationship ; Clock Skew ; Data Delay ;
+-------+-----------+---------+--------------+-------------+--------------+------------+------------+
; 0.316 ; inst      ; inst1   ; inst         ; inst        ; 0.000        ; 1.409      ; 2.288      ;
; 0.816 ; inst      ; inst1   ; inst         ; inst        ; -0.500       ; 1.409      ; 2.288      ;
; 1.667 ; inst2     ; inst1   ; inst1        ; inst        ; 0.000        ; 0.309      ; 2.262      ;
+-------+-----------+---------+--------------+-------------+--------------+------------+------------+


+---------------------------------------------------------------------------------------------------+
; Slow Model Removal: 'inst1'                                                                       ;
+-------+-----------+---------+--------------+-------------+--------------+------------+------------+
; Slack ; From Node ; To Node ; Launch Clock ; Latch Clock ; Relationship ; Clock Skew ; Data Delay ;
+-------+-----------+---------+--------------+-------------+--------------+------------+------------+
; 0.450 ; inst      ; inst2   ; inst         ; inst1       ; 0.000        ; 1.100      ; 2.113      ;
; 0.950 ; inst      ; inst2   ; inst         ; inst1       ; -0.500       ; 1.100      ; 2.113      ;
; 1.801 ; inst2     ; inst2   ; inst1        ; inst1       ; 0.000        ; 0.000      ; 2.087      ;
+-------+-----------+---------+--------------+-------------+--------------+------------+------------+


+----------------------------------------------------------------------------------------------+
; Slow Model Minimum Pulse Width: 'CLK'                                                        ;
+--------+--------------+----------------+------------------+-------+------------+-------------+
; Slack  ; Actual Width ; Required Width ; Type             ; Clock ; Clock Edge ; Target      ;
+--------+--------------+----------------+------------------+-------+------------+-------------+
; -1.469 ; 1.000        ; 2.469          ; Port Rate        ; CLK   ; Rise       ; CLK         ;
; -0.611 ; 0.500        ; 1.111          ; High Pulse Width ; CLK   ; Fall       ; inst        ;
; -0.611 ; 0.500        ; 1.111          ; Low Pulse Width  ; CLK   ; Fall       ; inst        ;
; 0.500  ; 0.500        ; 0.000          ; High Pulse Width ; CLK   ; Rise       ; CLK|combout ;
; 0.500  ; 0.500        ; 0.000          ; Low Pulse Width  ; CLK   ; Rise       ; CLK|combout ;
; 0.500  ; 0.500        ; 0.000          ; High Pulse Width ; CLK   ; Rise       ; inst|clk    ;
; 0.500  ; 0.500        ; 0.000          ; Low Pulse Width  ; CLK   ; Rise       ; inst|clk    ;
+--------+--------------+----------------+------------------+-------+------------+-------------+


+----------------------------------------------------------------------------------------------+
; Slow Model Minimum Pulse Width: 'inst'                                                       ;
+--------+--------------+----------------+------------------+-------+------------+-------------+
; Slack  ; Actual Width ; Required Width ; Type             ; Clock ; Clock Edge ; Target      ;
+--------+--------------+----------------+------------------+-------+------------+-------------+
; -0.611 ; 0.500        ; 1.111          ; High Pulse Width ; inst  ; Fall       ; inst1       ;
; -0.611 ; 0.500        ; 1.111          ; Low Pulse Width  ; inst  ; Fall       ; inst1       ;
; 0.500  ; 0.500        ; 0.000          ; High Pulse Width ; inst  ; Rise       ; inst1|clk   ;
; 0.500  ; 0.500        ; 0.000          ; Low Pulse Width  ; inst  ; Rise       ; inst1|clk   ;
; 0.500  ; 0.500        ; 0.000          ; High Pulse Width ; inst  ; Rise       ; inst|regout ;
; 0.500  ; 0.500        ; 0.000          ; Low Pulse Width  ; inst  ; Rise       ; inst|regout ;
+--------+--------------+----------------+------------------+-------+------------+-------------+


+-----------------------------------------------------------------------------------------------+
; Slow Model Minimum Pulse Width: 'inst1'                                                       ;
+--------+--------------+----------------+------------------+-------+------------+--------------+
; Slack  ; Actual Width ; Required Width ; Type             ; Clock ; Clock Edge ; Target       ;
+--------+--------------+----------------+------------------+-------+------------+--------------+
; -0.611 ; 0.500        ; 1.111          ; High Pulse Width ; inst1 ; Fall       ; inst2        ;
; -0.611 ; 0.500        ; 1.111          ; Low Pulse Width  ; inst1 ; Fall       ; inst2        ;
; 0.500  ; 0.500        ; 0.000          ; High Pulse Width ; inst1 ; Rise       ; inst1|regout ;
; 0.500  ; 0.500        ; 0.000          ; Low Pulse Width  ; inst1 ; Rise       ; inst1|regout ;
; 0.500  ; 0.500        ; 0.000          ; High Pulse Width ; inst1 ; Rise       ; inst2|clk    ;
; 0.500  ; 0.500        ; 0.000          ; Low Pulse Width  ; inst1 ; Rise       ; inst2|clk    ;
+--------+--------------+----------------+------------------+-------+------------+--------------+


+-----------------------------------------------------------------------+
; Setup Times                                                           ;
+-----------+------------+-------+-------+------------+-----------------+
; Data Port ; Clock Port ; Rise  ; Fall  ; Clock Edge ; Clock Reference ;
+-----------+------------+-------+-------+------------+-----------------+
; IN1       ; CLK        ; 1.668 ; 1.668 ; Fall       ; CLK             ;
; IN1       ; inst       ; 3.175 ; 3.175 ; Fall       ; inst            ;
; IN1       ; inst1      ; 3.484 ; 3.484 ; Fall       ; inst1           ;
+-----------+------------+-------+-------+------------+-----------------+


+-------------------------------------------------------------------------+
; Hold Times                                                              ;
+-----------+------------+--------+--------+------------+-----------------+
; Data Port ; Clock Port ; Rise   ; Fall   ; Clock Edge ; Clock Reference ;
+-----------+------------+--------+--------+------------+-----------------+
; IN1       ; CLK        ; -1.420 ; -1.420 ; Fall       ; CLK             ;
; IN1       ; inst       ; -2.927 ; -2.927 ; Fall       ; inst            ;
; IN1       ; inst1      ; -3.236 ; -3.236 ; Fall       ; inst1           ;
+-----------+------------+--------+--------+------------+-----------------+


+-----------------------------------------------------------------------+
; Clock to Output Times                                                 ;
+-----------+------------+-------+-------+------------+-----------------+
; Data Port ; Clock Port ; Rise  ; Fall  ; Clock Edge ; Clock Reference ;
+-----------+------------+-------+-------+------------+-----------------+
; q1        ; inst       ; 3.705 ;       ; Rise       ; inst            ;
; q1        ; inst       ;       ; 3.705 ; Fall       ; inst            ;
; q2        ; inst1      ; 3.983 ;       ; Rise       ; inst1           ;
; q2        ; inst1      ;       ; 3.983 ; Fall       ; inst1           ;
; q3        ; inst1      ; 5.512 ; 5.512 ; Fall       ; inst1           ;
+-----------+------------+-------+-------+------------+-----------------+


+-----------------------------------------------------------------------+
; Minimum Clock to Output Times                                         ;
+-----------+------------+-------+-------+------------+-----------------+
; Data Port ; Clock Port ; Rise  ; Fall  ; Clock Edge ; Clock Reference ;
+-----------+------------+-------+-------+------------+-----------------+
; q1        ; inst       ; 3.705 ;       ; Rise       ; inst            ;
; q1        ; inst       ;       ; 3.705 ; Fall       ; inst            ;
; q2        ; inst1      ; 3.983 ;       ; Rise       ; inst1           ;
; q2        ; inst1      ;       ; 3.983 ; Fall       ; inst1           ;
; q3        ; inst1      ; 5.512 ; 5.512 ; Fall       ; inst1           ;
+-----------+------------+-------+-------+------------+-----------------+


+-------------------------------+
; Fast Model Setup Summary      ;
+-------+-------+---------------+
; Clock ; Slack ; End Point TNS ;
+-------+-------+---------------+
; inst1 ; 0.665 ; 0.000         ;
; inst  ; 0.962 ; 0.000         ;
; CLK   ; 1.594 ; 0.000         ;
+-------+-------+---------------+


+--------------------------------+
; Fast Model Hold Summary        ;
+-------+--------+---------------+
; Clock ; Slack  ; End Point TNS ;
+-------+--------+---------------+
; CLK   ; -1.214 ; -1.214        ;
; inst  ; -0.582 ; -0.582        ;
; inst1 ; 0.215  ; 0.000         ;
+-------+--------+---------------+


+-------------------------------+
; Fast Model Recovery Summary   ;
+-------+-------+---------------+
; Clock ; Slack ; End Point TNS ;
+-------+-------+---------------+
; inst1 ; 0.056 ; 0.000         ;
; inst  ; 0.100 ; 0.000         ;
; CLK   ; 0.737 ; 0.000         ;
+-------+-------+---------------+


+--------------------------------+
; Fast Model Removal Summary     ;
+-------+--------+---------------+
; Clock ; Slack  ; End Point TNS ;
+-------+--------+---------------+
; CLK   ; -0.541 ; -0.541        ;
; inst  ; 0.096  ; 0.000         ;
; inst1 ; 0.140  ; 0.000         ;
+-------+--------+---------------+


+----------------------------------------+
; Fast Model Minimum Pulse Width Summary ;
+-------+--------+-----------------------+
; Clock ; Slack  ; End Point TNS         ;
+-------+--------+-----------------------+
; CLK   ; -1.222 ; -2.222                ;
; inst  ; -0.500 ; -1.000                ;
; inst1 ; -0.500 ; -1.000                ;
+-------+--------+-----------------------+


+---------------------------------------------------------------------------------------------------+
; Fast Model Setup: 'inst1'                                                                         ;
+-------+-----------+---------+--------------+-------------+--------------+------------+------------+
; Slack ; From Node ; To Node ; Launch Clock ; Latch Clock ; Relationship ; Clock Skew ; Data Delay ;
+-------+-----------+---------+--------------+-------------+--------------+------------+------------+
; 0.665 ; inst2     ; inst2   ; inst1        ; inst1       ; 1.000        ; 0.000      ; 0.367      ;
+-------+-----------+---------+--------------+-------------+--------------+------------+------------+


+---------------------------------------------------------------------------------------------------+
; Fast Model Setup: 'inst'                                                                          ;
+-------+-----------+---------+--------------+-------------+--------------+------------+------------+
; Slack ; From Node ; To Node ; Launch Clock ; Latch Clock ; Relationship ; Clock Skew ; Data Delay ;
+-------+-----------+---------+--------------+-------------+--------------+------------+------------+
; 0.962 ; inst1     ; inst1   ; inst1        ; inst        ; 0.500        ; 0.656      ; 0.367      ;
; 1.462 ; inst1     ; inst1   ; inst1        ; inst        ; 1.000        ; 0.656      ; 0.367      ;
+-------+-----------+---------+--------------+-------------+--------------+------------+------------+


+---------------------------------------------------------------------------------------------------+
; Fast Model Setup: 'CLK'                                                                           ;
+-------+-----------+---------+--------------+-------------+--------------+------------+------------+
; Slack ; From Node ; To Node ; Launch Clock ; Latch Clock ; Relationship ; Clock Skew ; Data Delay ;
+-------+-----------+---------+--------------+-------------+--------------+------------+------------+
; 1.594 ; inst      ; inst    ; inst         ; CLK         ; 0.500        ; 1.288      ; 0.367      ;
; 2.094 ; inst      ; inst    ; inst         ; CLK         ; 1.000        ; 1.288      ; 0.367      ;
+-------+-----------+---------+--------------+-------------+--------------+------------+------------+


+----------------------------------------------------------------------------------------------------+
; Fast Model Hold: 'CLK'                                                                             ;
+--------+-----------+---------+--------------+-------------+--------------+------------+------------+
; Slack  ; From Node ; To Node ; Launch Clock ; Latch Clock ; Relationship ; Clock Skew ; Data Delay ;
+--------+-----------+---------+--------------+-------------+--------------+------------+------------+
; -1.214 ; inst      ; inst    ; inst         ; CLK         ; 0.000        ; 1.288      ; 0.367      ;
; -0.714 ; inst      ; inst    ; inst         ; CLK         ; -0.500       ; 1.288      ; 0.367      ;
+--------+-----------+---------+--------------+-------------+--------------+------------+------------+


+----------------------------------------------------------------------------------------------------+
; Fast Model Hold: 'inst'                                                                            ;
+--------+-----------+---------+--------------+-------------+--------------+------------+------------+
; Slack  ; From Node ; To Node ; Launch Clock ; Latch Clock ; Relationship ; Clock Skew ; Data Delay ;
+--------+-----------+---------+--------------+-------------+--------------+------------+------------+
; -0.582 ; inst1     ; inst1   ; inst1        ; inst        ; 0.000        ; 0.656      ; 0.367      ;
; -0.082 ; inst1     ; inst1   ; inst1        ; inst        ; -0.500       ; 0.656      ; 0.367      ;
+--------+-----------+---------+--------------+-------------+--------------+------------+------------+


+---------------------------------------------------------------------------------------------------+
; Fast Model Hold: 'inst1'                                                                          ;
+-------+-----------+---------+--------------+-------------+--------------+------------+------------+
; Slack ; From Node ; To Node ; Launch Clock ; Latch Clock ; Relationship ; Clock Skew ; Data Delay ;
+-------+-----------+---------+--------------+-------------+--------------+------------+------------+
; 0.215 ; inst2     ; inst2   ; inst1        ; inst1       ; 0.000        ; 0.000      ; 0.367      ;
+-------+-----------+---------+--------------+-------------+--------------+------------+------------+


+---------------------------------------------------------------------------------------------------+
; Fast Model Recovery: 'inst1'                                                                      ;
+-------+-----------+---------+--------------+-------------+--------------+------------+------------+
; Slack ; From Node ; To Node ; Launch Clock ; Latch Clock ; Relationship ; Clock Skew ; Data Delay ;
+-------+-----------+---------+--------------+-------------+--------------+------------+------------+
; 0.056 ; inst2     ; inst2   ; inst1        ; inst1       ; 1.000        ; 0.000      ; 0.976      ;
; 0.240 ; inst      ; inst2   ; inst         ; inst1       ; 0.500        ; 0.539      ; 0.972      ;
; 0.740 ; inst      ; inst2   ; inst         ; inst1       ; 1.000        ; 0.539      ; 0.972      ;
+-------+-----------+---------+--------------+-------------+--------------+------------+------------+


+---------------------------------------------------------------------------------------------------+
; Fast Model Recovery: 'inst'                                                                       ;
+-------+-----------+---------+--------------+-------------+--------------+------------+------------+
; Slack ; From Node ; To Node ; Launch Clock ; Latch Clock ; Relationship ; Clock Skew ; Data Delay ;
+-------+-----------+---------+--------------+-------------+--------------+------------+------------+
; 0.100 ; inst2     ; inst1   ; inst1        ; inst        ; 1.000        ; 0.117      ; 1.049      ;
; 0.284 ; inst      ; inst1   ; inst         ; inst        ; 0.500        ; 0.656      ; 1.045      ;
; 0.784 ; inst      ; inst1   ; inst         ; inst        ; 1.000        ; 0.656      ; 1.045      ;
+-------+-----------+---------+--------------+-------------+--------------+------------+------------+


+---------------------------------------------------------------------------------------------------+
; Fast Model Recovery: 'CLK'                                                                        ;
+-------+-----------+---------+--------------+-------------+--------------+------------+------------+
; Slack ; From Node ; To Node ; Launch Clock ; Latch Clock ; Relationship ; Clock Skew ; Data Delay ;
+-------+-----------+---------+--------------+-------------+--------------+------------+------------+
; 0.737 ; inst2     ; inst    ; inst1        ; CLK         ; 1.000        ; 0.749      ; 1.044      ;
; 0.921 ; inst      ; inst    ; inst         ; CLK         ; 0.500        ; 1.288      ; 1.040      ;
; 1.421 ; inst      ; inst    ; inst         ; CLK         ; 1.000        ; 1.288      ; 1.040      ;
+-------+-----------+---------+--------------+-------------+--------------+------------+------------+


+----------------------------------------------------------------------------------------------------+
; Fast Model Removal: 'CLK'                                                                          ;
+--------+-----------+---------+--------------+-------------+--------------+------------+------------+
; Slack  ; From Node ; To Node ; Launch Clock ; Latch Clock ; Relationship ; Clock Skew ; Data Delay ;
+--------+-----------+---------+--------------+-------------+--------------+------------+------------+
; -0.541 ; inst      ; inst    ; inst         ; CLK         ; 0.000        ; 1.288      ; 1.040      ;
; -0.041 ; inst      ; inst    ; inst         ; CLK         ; -0.500       ; 1.288      ; 1.040      ;
; 0.143  ; inst2     ; inst    ; inst1        ; CLK         ; 0.000        ; 0.749      ; 1.044      ;
+--------+-----------+---------+--------------+-------------+--------------+------------+------------+


+---------------------------------------------------------------------------------------------------+
; Fast Model Removal: 'inst'                                                                        ;
+-------+-----------+---------+--------------+-------------+--------------+------------+------------+
; Slack ; From Node ; To Node ; Launch Clock ; Latch Clock ; Relationship ; Clock Skew ; Data Delay ;
+-------+-----------+---------+--------------+-------------+--------------+------------+------------+
; 0.096 ; inst      ; inst1   ; inst         ; inst        ; 0.000        ; 0.656      ; 1.045      ;
; 0.596 ; inst      ; inst1   ; inst         ; inst        ; -0.500       ; 0.656      ; 1.045      ;
; 0.780 ; inst2     ; inst1   ; inst1        ; inst        ; 0.000        ; 0.117      ; 1.049      ;
+-------+-----------+---------+--------------+-------------+--------------+------------+------------+


+---------------------------------------------------------------------------------------------------+
; Fast Model Removal: 'inst1'                                                                       ;
+-------+-----------+---------+--------------+-------------+--------------+------------+------------+
; Slack ; From Node ; To Node ; Launch Clock ; Latch Clock ; Relationship ; Clock Skew ; Data Delay ;
+-------+-----------+---------+--------------+-------------+--------------+------------+------------+
; 0.140 ; inst      ; inst2   ; inst         ; inst1       ; 0.000        ; 0.539      ; 0.972      ;
; 0.640 ; inst      ; inst2   ; inst         ; inst1       ; -0.500       ; 0.539      ; 0.972      ;
; 0.824 ; inst2     ; inst2   ; inst1        ; inst1       ; 0.000        ; 0.000      ; 0.976      ;
+-------+-----------+---------+--------------+-------------+--------------+------------+------------+


+----------------------------------------------------------------------------------------------+
; Fast Model Minimum Pulse Width: 'CLK'                                                        ;
+--------+--------------+----------------+------------------+-------+------------+-------------+
; Slack  ; Actual Width ; Required Width ; Type             ; Clock ; Clock Edge ; Target      ;
+--------+--------------+----------------+------------------+-------+------------+-------------+
; -1.222 ; 1.000        ; 2.222          ; Port Rate        ; CLK   ; Rise       ; CLK         ;
; -0.500 ; 0.500        ; 1.000          ; High Pulse Width ; CLK   ; Fall       ; inst        ;
; -0.500 ; 0.500        ; 1.000          ; Low Pulse Width  ; CLK   ; Fall       ; inst        ;
; 0.500  ; 0.500        ; 0.000          ; High Pulse Width ; CLK   ; Rise       ; CLK|combout ;
; 0.500  ; 0.500        ; 0.000          ; Low Pulse Width  ; CLK   ; Rise       ; CLK|combout ;
; 0.500  ; 0.500        ; 0.000          ; High Pulse Width ; CLK   ; Rise       ; inst|clk    ;
; 0.500  ; 0.500        ; 0.000          ; Low Pulse Width  ; CLK   ; Rise       ; inst|clk    ;
+--------+--------------+----------------+------------------+-------+------------+-------------+


+----------------------------------------------------------------------------------------------+
; Fast Model Minimum Pulse Width: 'inst'                                                       ;
+--------+--------------+----------------+------------------+-------+------------+-------------+
; Slack  ; Actual Width ; Required Width ; Type             ; Clock ; Clock Edge ; Target      ;
+--------+--------------+----------------+------------------+-------+------------+-------------+
; -0.500 ; 0.500        ; 1.000          ; High Pulse Width ; inst  ; Fall       ; inst1       ;
; -0.500 ; 0.500        ; 1.000          ; Low Pulse Width  ; inst  ; Fall       ; inst1       ;
; 0.500  ; 0.500        ; 0.000          ; High Pulse Width ; inst  ; Rise       ; inst1|clk   ;
; 0.500  ; 0.500        ; 0.000          ; Low Pulse Width  ; inst  ; Rise       ; inst1|clk   ;
; 0.500  ; 0.500        ; 0.000          ; High Pulse Width ; inst  ; Rise       ; inst|regout ;
; 0.500  ; 0.500        ; 0.000          ; Low Pulse Width  ; inst  ; Rise       ; inst|regout ;
+--------+--------------+----------------+------------------+-------+------------+-------------+


+-----------------------------------------------------------------------------------------------+
; Fast Model Minimum Pulse Width: 'inst1'                                                       ;
+--------+--------------+----------------+------------------+-------+------------+--------------+
; Slack  ; Actual Width ; Required Width ; Type             ; Clock ; Clock Edge ; Target       ;
+--------+--------------+----------------+------------------+-------+------------+--------------+
; -0.500 ; 0.500        ; 1.000          ; High Pulse Width ; inst1 ; Fall       ; inst2        ;
; -0.500 ; 0.500        ; 1.000          ; Low Pulse Width  ; inst1 ; Fall       ; inst2        ;
; 0.500  ; 0.500        ; 0.000          ; High Pulse Width ; inst1 ; Rise       ; inst1|regout ;
; 0.500  ; 0.500        ; 0.000          ; Low Pulse Width  ; inst1 ; Rise       ; inst1|regout ;
; 0.500  ; 0.500        ; 0.000          ; High Pulse Width ; inst1 ; Rise       ; inst2|clk    ;
; 0.500  ; 0.500        ; 0.000          ; Low Pulse Width  ; inst1 ; Rise       ; inst2|clk    ;
+--------+--------------+----------------+------------------+-------+------------+--------------+


+-----------------------------------------------------------------------+
; Setup Times                                                           ;
+-----------+------------+-------+-------+------------+-----------------+
; Data Port ; Clock Port ; Rise  ; Fall  ; Clock Edge ; Clock Reference ;
+-----------+------------+-------+-------+------------+-----------------+
; IN1       ; CLK        ; 0.695 ; 0.695 ; Fall       ; CLK             ;
; IN1       ; inst       ; 1.446 ; 1.446 ; Fall       ; inst            ;
; IN1       ; inst1      ; 1.563 ; 1.563 ; Fall       ; inst1           ;
+-----------+------------+-------+-------+------------+-----------------+


+-------------------------------------------------------------------------+
; Hold Times                                                              ;
+-----------+------------+--------+--------+------------+-----------------+
; Data Port ; Clock Port ; Rise   ; Fall   ; Clock Edge ; Clock Reference ;
+-----------+------------+--------+--------+------------+-----------------+
; IN1       ; CLK        ; -0.575 ; -0.575 ; Fall       ; CLK             ;
; IN1       ; inst       ; -1.326 ; -1.326 ; Fall       ; inst            ;
; IN1       ; inst1      ; -1.443 ; -1.443 ; Fall       ; inst1           ;
+-----------+------------+--------+--------+------------+-----------------+


+-----------------------------------------------------------------------+
; Clock to Output Times                                                 ;
+-----------+------------+-------+-------+------------+-----------------+
; Data Port ; Clock Port ; Rise  ; Fall  ; Clock Edge ; Clock Reference ;
+-----------+------------+-------+-------+------------+-----------------+
; q1        ; inst       ; 1.744 ;       ; Rise       ; inst            ;
; q1        ; inst       ;       ; 1.744 ; Fall       ; inst            ;
; q2        ; inst1      ; 1.858 ;       ; Rise       ; inst1           ;
; q2        ; inst1      ;       ; 1.858 ; Fall       ; inst1           ;
; q3        ; inst1      ; 2.656 ; 2.656 ; Fall       ; inst1           ;
+-----------+------------+-------+-------+------------+-----------------+


+-----------------------------------------------------------------------+
; Minimum Clock to Output Times                                         ;
+-----------+------------+-------+-------+------------+-----------------+
; Data Port ; Clock Port ; Rise  ; Fall  ; Clock Edge ; Clock Reference ;
+-----------+------------+-------+-------+------------+-----------------+
; q1        ; inst       ; 1.744 ;       ; Rise       ; inst            ;
; q1        ; inst       ;       ; 1.744 ; Fall       ; inst            ;
; q2        ; inst1      ; 1.858 ;       ; Rise       ; inst1           ;
; q2        ; inst1      ;       ; 1.858 ; Fall       ; inst1           ;
; q3        ; inst1      ; 2.656 ; 2.656 ; Fall       ; inst1           ;
+-----------+------------+-------+-------+------------+-----------------+


+------------------------------------------------------------------------------+
; Multicorner Timing Analysis Summary                                          ;
+------------------+-------+--------+----------+---------+---------------------+
; Clock            ; Setup ; Hold   ; Recovery ; Removal ; Minimum Pulse Width ;
+------------------+-------+--------+----------+---------+---------------------+
; Worst-case Slack ; 0.307 ; -2.442 ; -1.049   ; -0.891  ; -1.469              ;
;  CLK             ; 1.594 ; -2.442 ; 0.292    ; -0.891  ; -1.469              ;
;  inst            ; 0.962 ; -1.241 ; -0.915   ; 0.096   ; -0.611              ;
;  inst1           ; 0.307 ; 0.215  ; -1.049   ; 0.140   ; -0.611              ;
; Design-wide TNS  ; 0.0   ; -3.683 ; -1.964   ; -0.891  ; -5.135              ;
;  CLK             ; 0.000 ; -2.442 ; 0.000    ; -0.891  ; -2.691              ;
;  inst            ; 0.000 ; -1.241 ; -0.915   ; 0.000   ; -1.222              ;
;  inst1           ; 0.000 ; 0.000  ; -1.049   ; 0.000   ; -1.222              ;
+------------------+-------+--------+----------+---------+---------------------+


+-----------------------------------------------------------------------+
; Setup Times                                                           ;
+-----------+------------+-------+-------+------------+-----------------+
; Data Port ; Clock Port ; Rise  ; Fall  ; Clock Edge ; Clock Reference ;
+-----------+------------+-------+-------+------------+-----------------+
; IN1       ; CLK        ; 1.668 ; 1.668 ; Fall       ; CLK             ;
; IN1       ; inst       ; 3.175 ; 3.175 ; Fall       ; inst            ;
; IN1       ; inst1      ; 3.484 ; 3.484 ; Fall       ; inst1           ;
+-----------+------------+-------+-------+------------+-----------------+


+-------------------------------------------------------------------------+
; Hold Times                                                              ;
+-----------+------------+--------+--------+------------+-----------------+
; Data Port ; Clock Port ; Rise   ; Fall   ; Clock Edge ; Clock Reference ;
+-----------+------------+--------+--------+------------+-----------------+
; IN1       ; CLK        ; -0.575 ; -0.575 ; Fall       ; CLK             ;
; IN1       ; inst       ; -1.326 ; -1.326 ; Fall       ; inst            ;
; IN1       ; inst1      ; -1.443 ; -1.443 ; Fall       ; inst1           ;
+-----------+------------+--------+--------+------------+-----------------+


+-----------------------------------------------------------------------+
; Clock to Output Times                                                 ;
+-----------+------------+-------+-------+------------+-----------------+
; Data Port ; Clock Port ; Rise  ; Fall  ; Clock Edge ; Clock Reference ;
+-----------+------------+-------+-------+------------+-----------------+
; q1        ; inst       ; 3.705 ;       ; Rise       ; inst            ;
; q1        ; inst       ;       ; 3.705 ; Fall       ; inst            ;
; q2        ; inst1      ; 3.983 ;       ; Rise       ; inst1           ;
; q2        ; inst1      ;       ; 3.983 ; Fall       ; inst1           ;
; q3        ; inst1      ; 5.512 ; 5.512 ; Fall       ; inst1           ;
+-----------+------------+-------+-------+------------+-----------------+


+-----------------------------------------------------------------------+
; Minimum Clock to Output Times                                         ;
+-----------+------------+-------+-------+------------+-----------------+
; Data Port ; Clock Port ; Rise  ; Fall  ; Clock Edge ; Clock Reference ;
+-----------+------------+-------+-------+------------+-----------------+
; q1        ; inst       ; 1.744 ;       ; Rise       ; inst            ;
; q1        ; inst       ;       ; 1.744 ; Fall       ; inst            ;
; q2        ; inst1      ; 1.858 ;       ; Rise       ; inst1           ;
; q2        ; inst1      ;       ; 1.858 ; Fall       ; inst1           ;
; q3        ; inst1      ; 2.656 ; 2.656 ; Fall       ; inst1           ;
+-----------+------------+-------+-------+------------+-----------------+


+-------------------------------------------------------------------+
; Setup Transfers                                                   ;
+------------+----------+----------+----------+----------+----------+
; From Clock ; To Clock ; RR Paths ; FR Paths ; RF Paths ; FF Paths ;
+------------+----------+----------+----------+----------+----------+
; inst       ; CLK      ; 0        ; 0        ; 1        ; 1        ;
; inst1      ; inst     ; 0        ; 0        ; 1        ; 1        ;
; inst1      ; inst1    ; 0        ; 0        ; 0        ; 1        ;
+------------+----------+----------+----------+----------+----------+
Entries labeled "false path" only account for clock-to-clock false paths and not path-based false paths. As a result, actual path counts may be lower than reported.


+-------------------------------------------------------------------+
; Hold Transfers                                                    ;
+------------+----------+----------+----------+----------+----------+
; From Clock ; To Clock ; RR Paths ; FR Paths ; RF Paths ; FF Paths ;
+------------+----------+----------+----------+----------+----------+
; inst       ; CLK      ; 0        ; 0        ; 1        ; 1        ;
; inst1      ; inst     ; 0        ; 0        ; 1        ; 1        ;
; inst1      ; inst1    ; 0        ; 0        ; 0        ; 1        ;
+------------+----------+----------+----------+----------+----------+
Entries labeled "false path" only account for clock-to-clock false paths and not path-based false paths. As a result, actual path counts may be lower than reported.


+-------------------------------------------------------------------+
; Recovery Transfers                                                ;
+------------+----------+----------+----------+----------+----------+
; From Clock ; To Clock ; RR Paths ; FR Paths ; RF Paths ; FF Paths ;
+------------+----------+----------+----------+----------+----------+
; inst       ; CLK      ; 0        ; 0        ; 1        ; 1        ;
; inst1      ; CLK      ; 0        ; 0        ; 0        ; 1        ;
; inst       ; inst     ; 0        ; 0        ; 1        ; 1        ;
; inst1      ; inst     ; 0        ; 0        ; 0        ; 1        ;
; inst       ; inst1    ; 0        ; 0        ; 1        ; 1        ;
; inst1      ; inst1    ; 0        ; 0        ; 0        ; 1        ;
+------------+----------+----------+----------+----------+----------+
Entries labeled "false path" only account for clock-to-clock false paths and not path-based false paths. As a result, actual path counts may be lower than reported.


+-------------------------------------------------------------------+
; Removal Transfers                                                 ;
+------------+----------+----------+----------+----------+----------+
; From Clock ; To Clock ; RR Paths ; FR Paths ; RF Paths ; FF Paths ;
+------------+----------+----------+----------+----------+----------+
; inst       ; CLK      ; 0        ; 0        ; 1        ; 1        ;
; inst1      ; CLK      ; 0        ; 0        ; 0        ; 1        ;
; inst       ; inst     ; 0        ; 0        ; 1        ; 1        ;
; inst1      ; inst     ; 0        ; 0        ; 0        ; 1        ;
; inst       ; inst1    ; 0        ; 0        ; 1        ; 1        ;
; inst1      ; inst1    ; 0        ; 0        ; 0        ; 1        ;
+------------+----------+----------+----------+----------+----------+
Entries labeled "false path" only account for clock-to-clock false paths and not path-based false paths. As a result, actual path counts may be lower than reported.


---------------
; Report TCCS ;
---------------
No dedicated SERDES Transmitter circuitry present in device or used in design


---------------
; Report RSKM ;
---------------
No dedicated SERDES Receiver circuitry present in device or used in design


+------------------------------------------------+
; Unconstrained Paths                            ;
+---------------------------------+-------+------+
; Property                        ; Setup ; Hold ;
+---------------------------------+-------+------+
; Illegal Clocks                  ; 0     ; 0    ;
; Unconstrained Clocks            ; 0     ; 0    ;
; Unconstrained Input Ports       ; 1     ; 1    ;
; Unconstrained Input Port Paths  ; 3     ; 3    ;
; Unconstrained Output Ports      ; 3     ; 3    ;
; Unconstrained Output Port Paths ; 3     ; 3    ;
+---------------------------------+-------+------+


+------------------------------------+
; TimeQuest Timing Analyzer Messages ;
+------------------------------------+
Info: *******************************************************************
Info: Running Quartus II 64-Bit TimeQuest Timing Analyzer
    Info: Version 13.0.1 Build 232 06/12/2013 Service Pack 1 SJ Web Edition
    Info: Processing started: Fri Nov 03 10:15:04 2023
Info: Command: quartus_sta demFF1 -c demFF1
Info: qsta_default_script.tcl version: #1
Warning (20028): Parallel compilation is not licensed and has been disabled
Info (21077): Low junction temperature is 0 degrees C
Info (21077): High junction temperature is 85 degrees C
Critical Warning (332012): Synopsys Design Constraints File file not found: 'demFF1.sdc'. A Synopsys Design Constraints File is required by the TimeQuest Timing Analyzer to get proper timing constraints. Without it, the Compiler will not properly optimize the design.
Info (332142): No user constrained base clocks found in the design. Calling "derive_clocks -period 1.0"
Info (332105): Deriving Clocks
    Info (332105): create_clock -period 1.000 -name CLK CLK
    Info (332105): create_clock -period 1.000 -name inst1 inst1
    Info (332105): create_clock -period 1.000 -name inst inst
Info: Found TIMEQUEST_REPORT_SCRIPT_INCLUDE_DEFAULT_ANALYSIS = ON
Info: Analyzing Slow Model
Info (332146): Worst-case setup slack is 0.307
    Info (332119):     Slack End Point TNS Clock 
    Info (332119): ========= ============= =====================
    Info (332119):     0.307         0.000 inst1 
    Info (332119):     1.493         0.000 inst 
    Info (332119):     2.694         0.000 CLK 
Critical Warning (332148): Timing requirements not met
Info (332146): Worst-case hold slack is -2.442
    Info (332119):     Slack End Point TNS Clock 
    Info (332119): ========= ============= =====================
    Info (332119):    -2.442        -2.442 CLK 
    Info (332119):    -1.241        -1.241 inst 
    Info (332119):     0.445         0.000 inst1 
Info (332146): Worst-case recovery slack is -1.049
    Info (332119):     Slack End Point TNS Clock 
    Info (332119): ========= ============= =====================
    Info (332119):    -1.049        -1.049 inst1 
    Info (332119):    -0.915        -0.915 inst 
    Info (332119):     0.292         0.000 CLK 
Info (332146): Worst-case removal slack is -0.891
    Info (332119):     Slack End Point TNS Clock 
    Info (332119): ========= ============= =====================
    Info (332119):    -0.891        -0.891 CLK 
    Info (332119):     0.316         0.000 inst 
    Info (332119):     0.450         0.000 inst1 
Info (332146): Worst-case minimum pulse width slack is -1.469
    Info (332119):     Slack End Point TNS Clock 
    Info (332119): ========= ============= =====================
    Info (332119):    -1.469        -2.691 CLK 
    Info (332119):    -0.611        -1.222 inst 
    Info (332119):    -0.611        -1.222 inst1 
Info (332001): The selected device family is not supported by the report_metastability command.
Info: Analyzing Fast Model
Info (332146): Worst-case setup slack is 0.665
    Info (332119):     Slack End Point TNS Clock 
    Info (332119): ========= ============= =====================
    Info (332119):     0.665         0.000 inst1 
    Info (332119):     0.962         0.000 inst 
    Info (332119):     1.594         0.000 CLK 
Critical Warning (332148): Timing requirements not met
Info (332146): Worst-case hold slack is -1.214
    Info (332119):     Slack End Point TNS Clock 
    Info (332119): ========= ============= =====================
    Info (332119):    -1.214        -1.214 CLK 
    Info (332119):    -0.582        -0.582 inst 
    Info (332119):     0.215         0.000 inst1 
Info (332146): Worst-case recovery slack is 0.056
    Info (332119):     Slack End Point TNS Clock 
    Info (332119): ========= ============= =====================
    Info (332119):     0.056         0.000 inst1 
    Info (332119):     0.100         0.000 inst 
    Info (332119):     0.737         0.000 CLK 
Info (332146): Worst-case removal slack is -0.541
    Info (332119):     Slack End Point TNS Clock 
    Info (332119): ========= ============= =====================
    Info (332119):    -0.541        -0.541 CLK 
    Info (332119):     0.096         0.000 inst 
    Info (332119):     0.140         0.000 inst1 
Info (332146): Worst-case minimum pulse width slack is -1.222
    Info (332119):     Slack End Point TNS Clock 
    Info (332119): ========= ============= =====================
    Info (332119):    -1.222        -2.222 CLK 
    Info (332119):    -0.500        -1.000 inst 
    Info (332119):    -0.500        -1.000 inst1 
Info (332001): The selected device family is not supported by the report_metastability command.
Info (332102): Design is not fully constrained for setup requirements
Info (332102): Design is not fully constrained for hold requirements
Info: Quartus II 64-Bit TimeQuest Timing Analyzer was successful. 0 errors, 4 warnings
    Info: Peak virtual memory: 4551 megabytes
    Info: Processing ended: Fri Nov 03 10:15:05 2023
    Info: Elapsed time: 00:00:01
    Info: Total CPU time (on all processors): 00:00:00


